0 info it worked if it ends with ok
1 verbose cli [ 'node', '/usr/local/bin/npm', 'start' ]
2 info using npm@1.4.27
3 info using node@v0.10.31
4 verbose node symlink /usr/local/bin/node
5 verbose run-script [ 'prestart', 'start', 'poststart' ]
6 info prestart chatserver@1.0.0
7 info start chatserver@1.0.0
8 verbose unsafe-perm in lifecycle true
9 info chatserver@1.0.0 Failed to exec start script
10 error chatserver@1.0.0 start: `node server`
10 error Exit status 8
11 error Failed at the chatserver@1.0.0 start script.
11 error This is most likely a problem with the chatserver package,
11 error not with npm itself.
11 error Tell the author that this fails on your system:
11 error     node server
11 error You can get their info via:
11 error     npm owner ls chatserver
11 error There is likely additional logging output above.
12 error System Darwin 13.4.0
13 error command "node" "/usr/local/bin/npm" "start"
14 error cwd /Users/NoxAir/Development/projects/wix-sock/node-server
15 error node -v v0.10.31
16 error npm -v 1.4.27
17 error code ELIFECYCLE
18 verbose exit [ 1, true ]
